INFO  09:14:42 Application started. Press Ctrl+C to shut down.
INFO  09:14:42 Application started. Press Ctrl+C to shut down.
INFO  09:14:42 Hosting environment: Development
INFO  09:14:42 Hosting environment: Development
INFO  09:14:42 Content root path: D:\MyAspDotNetProjects\AuditChecklistModule
INFO  09:14:42 Content root path: D:\MyAspDotNetProjects\AuditChecklistModule
INFO  09:15:07 AuditChecklistController Http GET request calledAuditChecklistController
INFO  09:15:07  Http GET request calledChecklistProvider
INFO  09:15:07 Log from ChecklistRepo
INFO  09:15:21 AuditChecklistController Http GET request calledAuditChecklistController
INFO  09:15:21  Http GET request calledChecklistProvider
INFO  09:15:21 Log from ChecklistRepo
INFO  09:17:22 Application started. Press Ctrl+C to shut down.
INFO  09:17:22 Application started. Press Ctrl+C to shut down.
INFO  09:17:22 Hosting environment: Development
INFO  09:17:22 Hosting environment: Development
INFO  09:17:22 Content root path: D:\MyAspDotNetProjects\AuditChecklistModule
INFO  09:17:22 Content root path: D:\MyAspDotNetProjects\AuditChecklistModule
INFO  09:17:28 AuditChecklistController Http GET request calledAuditChecklistController
INFO  09:17:28  Http GET request calledChecklistProvider
INFO  09:17:28 Log from ChecklistRepo
INFO  09:17:33 AuditChecklistController Http GET request calledAuditChecklistController
INFO  09:18:51 Application started. Press Ctrl+C to shut down.
INFO  09:18:51 Application started. Press Ctrl+C to shut down.
INFO  09:18:51 Hosting environment: Development
INFO  09:18:51 Hosting environment: Development
INFO  09:18:51 Content root path: D:\MyAspDotNetProjects\AuditChecklistModule
INFO  09:18:51 Content root path: D:\MyAspDotNetProjects\AuditChecklistModule
INFO  09:19:57 AuditChecklistController Http GET request calledAuditChecklistController
INFO  09:20:03 AuditChecklistController Http GET request calledAuditChecklistController
INFO  09:09:36 Application started. Press Ctrl+C to shut down.
INFO  09:09:36 Application started. Press Ctrl+C to shut down.
INFO  09:09:36 Hosting environment: Development
INFO  09:09:36 Hosting environment: Development
INFO  09:09:36 Content root path: C:\Users\suvin\Downloads\AuditChecklistModule
INFO  09:09:36 Content root path: C:\Users\suvin\Downloads\AuditChecklistModule
INFO  09:11:25 Application started. Press Ctrl+C to shut down.
INFO  09:11:25 Application started. Press Ctrl+C to shut down.
INFO  09:11:25 Hosting environment: Development
INFO  09:11:25 Hosting environment: Development
INFO  09:11:25 Content root path: C:\Users\suvin\Downloads\AuditChecklistModule
INFO  09:11:25 Content root path: C:\Users\suvin\Downloads\AuditChecklistModule
INFO  09:12:21 Application started. Press Ctrl+C to shut down.
INFO  09:12:21 Application started. Press Ctrl+C to shut down.
INFO  09:12:21 Hosting environment: Development
INFO  09:12:21 Hosting environment: Development
INFO  09:12:21 Content root path: C:\Users\suvin\Downloads\AuditChecklistModule
INFO  09:12:21 Content root path: C:\Users\suvin\Downloads\AuditChecklistModule
INFO  09:29:37 AuditChecklistController Http GET request calledAuditChecklistController
INFO  09:29:37  Http GET request calledChecklistProvider
INFO  09:29:37 Log from ChecklistRepo
INFO  09:30:24 AuditChecklistController Http GET request calledAuditChecklistController
INFO  09:30:24  Http GET request calledChecklistProvider
INFO  09:30:24 Log from ChecklistRepo
INFO  09:53:45 Application started. Press Ctrl+C to shut down.
INFO  09:53:45 Application started. Press Ctrl+C to shut down.
INFO  09:53:45 Hosting environment: Development
INFO  09:53:45 Hosting environment: Development
INFO  09:53:45 Content root path: C:\Users\suvin\Downloads\AuditChecklistModule
INFO  09:53:45 Content root path: C:\Users\suvin\Downloads\AuditChecklistModule
INFO  10:01:58 Application started. Press Ctrl+C to shut down.
INFO  10:01:58 Application started. Press Ctrl+C to shut down.
INFO  10:01:58 Hosting environment: Development
INFO  10:01:58 Hosting environment: Development
INFO  10:01:58 Content root path: C:\Users\suvin\Downloads\AuditChecklistModule
INFO  10:01:58 Content root path: C:\Users\suvin\Downloads\AuditChecklistModule
INFO  10:06:24 Application started. Press Ctrl+C to shut down.
INFO  10:06:24 Application started. Press Ctrl+C to shut down.
INFO  10:06:24 Hosting environment: Development
INFO  10:06:24 Hosting environment: Development
INFO  10:06:24 Content root path: C:\Users\suvin\Downloads\AuditChecklistModule
INFO  10:06:24 Content root path: C:\Users\suvin\Downloads\AuditChecklistModule
INFO  10:15:41 Application started. Press Ctrl+C to shut down.
INFO  10:15:41 Application started. Press Ctrl+C to shut down.
INFO  10:15:41 Hosting environment: Development
INFO  10:15:41 Hosting environment: Development
INFO  10:15:41 Content root path: C:\Users\suvin\Downloads\AuditChecklistModule
INFO  10:15:41 Content root path: C:\Users\suvin\Downloads\AuditChecklistModule
INFO  10:17:09 Application started. Press Ctrl+C to shut down.
INFO  10:17:09 Application started. Press Ctrl+C to shut down.
INFO  10:17:09 Hosting environment: Development
INFO  10:17:09 Hosting environment: Development
INFO  10:17:09 Content root path: C:\Users\suvin\Downloads\AuditChecklistModule
INFO  10:17:09 Content root path: C:\Users\suvin\Downloads\AuditChecklistModule
INFO  10:51:24 AuditChecklistController Http GET request calledAuditChecklistController
INFO  10:51:24  Http GET request calledChecklistProvider
INFO  10:51:24 Log from ChecklistRepo
INFO  10:51:49 AuditChecklistController Http GET request calledAuditChecklistController
INFO  10:51:49  Http GET request calledChecklistProvider
INFO  10:51:49 Log from ChecklistRepo
INFO  12:02:22 Application started. Press Ctrl+C to shut down.
INFO  12:02:22 Application started. Press Ctrl+C to shut down.
INFO  12:02:22 Hosting environment: Development
INFO  12:02:22 Hosting environment: Development
INFO  12:02:22 Content root path: C:\Users\suvin\Downloads\AuditChecklistModule
INFO  12:02:22 Content root path: C:\Users\suvin\Downloads\AuditChecklistModule
INFO  12:04:07 Application started. Press Ctrl+C to shut down.
INFO  12:04:07 Application started. Press Ctrl+C to shut down.
INFO  12:04:07 Hosting environment: Development
INFO  12:04:07 Hosting environment: Development
INFO  12:04:07 Content root path: C:\Users\suvin\Downloads\AuditChecklistModule
INFO  12:04:07 Content root path: C:\Users\suvin\Downloads\AuditChecklistModule
INFO  12:04:31 AuditChecklistController Http GET request calledAuditChecklistController
INFO  12:04:31  Http GET request calledChecklistProvider
INFO  12:04:31 Log from ChecklistRepo
INFO  12:09:53 Application started. Press Ctrl+C to shut down.
INFO  12:09:53 Application started. Press Ctrl+C to shut down.
INFO  12:09:53 Hosting environment: Development
INFO  12:09:53 Hosting environment: Development
INFO  12:09:53 Content root path: C:\Users\suvin\Downloads\AuditChecklistModule
INFO  12:09:53 Content root path: C:\Users\suvin\Downloads\AuditChecklistModule
INFO  12:15:15 Application started. Press Ctrl+C to shut down.
INFO  12:15:15 Application started. Press Ctrl+C to shut down.
INFO  12:15:15 Hosting environment: Development
INFO  12:15:15 Hosting environment: Development
INFO  12:15:15 Content root path: C:\Users\suvin\Downloads\AuditChecklistModule
INFO  12:15:15 Content root path: C:\Users\suvin\Downloads\AuditChecklistModule
INFO  03:00:51 Application started. Press Ctrl+C to shut down.
INFO  03:00:51 Application started. Press Ctrl+C to shut down.
INFO  03:00:51 Hosting environment: Development
INFO  03:00:51 Hosting environment: Development
INFO  03:00:51 Content root path: C:\Project\AuditManagementSystem\AuditChecklistModule
INFO  03:00:51 Content root path: C:\Project\AuditManagementSystem\AuditChecklistModule
INFO  10:53:04 Application started. Press Ctrl+C to shut down.
INFO  10:53:04 Application started. Press Ctrl+C to shut down.
INFO  10:53:04 Hosting environment: Development
INFO  10:53:04 Hosting environment: Development
INFO  10:53:04 Content root path: C:\Project\AuditManagementSystem\AuditChecklistModule
INFO  10:53:04 Content root path: C:\Project\AuditManagementSystem\AuditChecklistModule
INFO  10:07:08 Application started. Press Ctrl+C to shut down.
INFO  10:07:08 Application started. Press Ctrl+C to shut down.
INFO  10:07:08 Hosting environment: Development
INFO  10:07:08 Hosting environment: Development
INFO  10:07:08 Content root path: C:\Project\AuditManagementSystem\AuditChecklistModule
INFO  10:07:08 Content root path: C:\Project\AuditManagementSystem\AuditChecklistModule
INFO  10:11:56 Application started. Press Ctrl+C to shut down.
INFO  10:11:56 Application started. Press Ctrl+C to shut down.
INFO  10:11:56 Hosting environment: Development
INFO  10:11:56 Hosting environment: Development
INFO  10:11:56 Content root path: C:\Project\AuditManagementSystem\AuditChecklistModule
INFO  10:11:56 Content root path: C:\Project\AuditManagementSystem\AuditChecklistModule
INFO  10:16:07 Application started. Press Ctrl+C to shut down.
INFO  10:16:07 Application started. Press Ctrl+C to shut down.
INFO  10:16:07 Hosting environment: Development
INFO  10:16:07 Hosting environment: Development
INFO  10:16:07 Content root path: C:\Project\AuditManagementSystem\AuditChecklistModule
INFO  10:16:07 Content root path: C:\Project\AuditManagementSystem\AuditChecklistModule
INFO  09:37:34 Application started. Press Ctrl+C to shut down.
INFO  09:37:34 Application started. Press Ctrl+C to shut down.
INFO  09:37:35 Hosting environment: Development
INFO  09:37:35 Hosting environment: Development
INFO  09:37:35 Content root path: C:\Project\AuditManagementSystem\AuditChecklistModule
INFO  09:37:35 Content root path: C:\Project\AuditManagementSystem\AuditChecklistModule
INFO  09:39:08 Application started. Press Ctrl+C to shut down.
INFO  09:39:08 Application started. Press Ctrl+C to shut down.
INFO  09:39:08 Hosting environment: Development
INFO  09:39:08 Hosting environment: Development
INFO  09:39:08 Content root path: C:\Project\AuditManagementSystem\AuditChecklistModule
INFO  09:39:08 Content root path: C:\Project\AuditManagementSystem\AuditChecklistModule
INFO  09:40:58 Application started. Press Ctrl+C to shut down.
INFO  09:40:58 Application started. Press Ctrl+C to shut down.
INFO  09:40:58 Hosting environment: Development
INFO  09:40:58 Hosting environment: Development
INFO  09:40:58 Content root path: C:\Project\AuditManagementSystem\AuditChecklistModule
INFO  09:40:58 Content root path: C:\Project\AuditManagementSystem\AuditChecklistModule
INFO  09:42:07 Application started. Press Ctrl+C to shut down.
INFO  09:42:07 Application started. Press Ctrl+C to shut down.
INFO  09:42:07 Hosting environment: Development
INFO  09:42:07 Hosting environment: Development
INFO  09:42:07 Content root path: C:\Project\AuditManagementSystem\AuditChecklistModule
INFO  09:42:07 Content root path: C:\Project\AuditManagementSystem\AuditChecklistModule
INFO  09:49:34 Application started. Press Ctrl+C to shut down.
INFO  09:49:34 Application started. Press Ctrl+C to shut down.
INFO  09:49:34 Hosting environment: Development
INFO  09:49:34 Hosting environment: Development
INFO  09:49:34 Content root path: C:\Project\AuditManagementSystem\AuditChecklistModule
INFO  09:49:34 Content root path: C:\Project\AuditManagementSystem\AuditChecklistModule
INFO  09:53:03 AuditChecklistController Http GET request calledAuditChecklistController
INFO  09:53:03  Http GET request calledChecklistProvider
INFO  09:53:03 Log from ChecklistRepo
INFO  04:28:34 Application started. Press Ctrl+C to shut down.
INFO  04:28:34 Application started. Press Ctrl+C to shut down.
INFO  04:28:34 Hosting environment: Development
INFO  04:28:34 Hosting environment: Development
INFO  04:28:34 Content root path: C:\Project\AuditManagementSystem\AuditChecklistModule
INFO  04:28:34 Content root path: C:\Project\AuditManagementSystem\AuditChecklistModule
INFO  04:28:39 AuditChecklistController Http GET request calledAuditChecklistController
INFO  04:28:39  Http GET request calledChecklistProvider
INFO  04:28:39 Log from ChecklistRepo
INFO  06:06:54 Application started. Press Ctrl+C to shut down.
INFO  06:06:54 Application started. Press Ctrl+C to shut down.
INFO  06:06:54 Hosting environment: Development
INFO  06:06:54 Hosting environment: Development
INFO  06:06:54 Content root path: C:\Project\AuditManagementSystem\AuditChecklistModule
INFO  06:06:54 Content root path: C:\Project\AuditManagementSystem\AuditChecklistModule
INFO  06:06:59 AuditChecklistController Http GET request calledAuditChecklistController
INFO  06:06:59  Http GET request calledChecklistProvider
INFO  06:06:59 Log from ChecklistRepo
INFO  06:25:56 Application started. Press Ctrl+C to shut down.
INFO  06:25:56 Application started. Press Ctrl+C to shut down.
INFO  06:25:56 Hosting environment: Development
INFO  06:25:56 Hosting environment: Development
INFO  06:25:56 Content root path: C:\Project\AuditManagementSystem\AuditChecklistModule
INFO  06:25:56 Content root path: C:\Project\AuditManagementSystem\AuditChecklistModule
INFO  08:49:45 AuditChecklistController Http GET request calledAuditChecklistController
INFO  08:49:45  Http GET request calledChecklistProvider
INFO  08:49:45 Log from ChecklistRepo
INFO  09:53:24 Application started. Press Ctrl+C to shut down.
INFO  09:53:24 Application started. Press Ctrl+C to shut down.
INFO  09:53:24 Hosting environment: Development
INFO  09:53:24 Hosting environment: Development
INFO  09:53:24 Content root path: C:\Project\AuditManagementSystem\AuditChecklistModule
INFO  09:53:24 Content root path: C:\Project\AuditManagementSystem\AuditChecklistModule
INFO  09:54:00 AuditChecklistController Http GET request calledAuditChecklistController
INFO  09:54:00  Http GET request calledChecklistProvider
INFO  09:54:00 Log from ChecklistRepo
INFO  11:46:02 AuditChecklistController Http GET request calledAuditChecklistController
INFO  11:46:02  Http GET request calledChecklistProvider
INFO  11:46:02 Log from ChecklistRepo
INFO  12:48:21 Application started. Press Ctrl+C to shut down.
INFO  12:48:21 Application started. Press Ctrl+C to shut down.
INFO  12:48:21 Hosting environment: Development
INFO  12:48:21 Hosting environment: Development
INFO  12:48:21 Content root path: C:\Project\AuditManagementSystem\AuditChecklistModule
INFO  12:48:21 Content root path: C:\Project\AuditManagementSystem\AuditChecklistModule
INFO  12:48:47 AuditChecklistController Http GET request calledAuditChecklistController
INFO  12:48:47  Http GET request calledChecklistProvider
INFO  12:48:47 Log from ChecklistRepo
INFO  01:18:47 Application started. Press Ctrl+C to shut down.
INFO  01:18:47 Application started. Press Ctrl+C to shut down.
INFO  01:18:47 Hosting environment: Development
INFO  01:18:47 Hosting environment: Development
INFO  01:18:47 Content root path: C:\Project\AuditManagementSystem\AuditChecklistModule
INFO  01:18:47 Content root path: C:\Project\AuditManagementSystem\AuditChecklistModule
INFO  01:19:12 AuditChecklistController Http GET request calledAuditChecklistController
INFO  01:19:12  Http GET request calledChecklistProvider
INFO  01:19:12 Log from ChecklistRepo
INFO  01:21:29 AuditChecklistController Http GET request calledAuditChecklistController
INFO  01:21:29  Http GET request calledChecklistProvider
INFO  01:21:29 Log from ChecklistRepo
INFO  01:23:29 AuditChecklistController Http GET request calledAuditChecklistController
INFO  01:23:29  Http GET request calledChecklistProvider
INFO  01:23:29 Log from ChecklistRepo
INFO  01:28:02 AuditChecklistController Http GET request calledAuditChecklistController
INFO  01:28:02  Http GET request calledChecklistProvider
INFO  01:28:02 Log from ChecklistRepo
INFO  01:40:59 AuditChecklistController Http GET request calledAuditChecklistController
INFO  01:40:59  Http GET request calledChecklistProvider
INFO  01:40:59 Log from ChecklistRepo
INFO  01:41:53 AuditChecklistController Http GET request calledAuditChecklistController
INFO  01:41:53  Http GET request calledChecklistProvider
INFO  01:41:53 Log from ChecklistRepo
INFO  01:42:35 AuditChecklistController Http GET request calledAuditChecklistController
INFO  01:42:35  Http GET request calledChecklistProvider
INFO  01:42:35 Log from ChecklistRepo
INFO  02:35:27 AuditChecklistController Http GET request calledAuditChecklistController
INFO  02:35:27  Http GET request calledChecklistProvider
INFO  02:35:27 Log from ChecklistRepo
INFO  03:02:39 AuditChecklistController Http GET request calledAuditChecklistController
INFO  03:02:39  Http GET request calledChecklistProvider
INFO  03:02:39 Log from ChecklistRepo
INFO  03:15:32 AuditChecklistController Http GET request calledAuditChecklistController
INFO  03:15:32  Http GET request calledChecklistProvider
INFO  03:15:32 Log from ChecklistRepo
INFO  10:47:01 AuditChecklistController Http GET request calledAuditChecklistController
INFO  10:47:01  Http GET request calledChecklistProvider
INFO  10:47:01 Log from ChecklistRepo
INFO  01:03:56 Application started. Press Ctrl+C to shut down.
INFO  01:03:56 Application started. Press Ctrl+C to shut down.
INFO  01:03:56 Hosting environment: Development
INFO  01:03:56 Hosting environment: Development
INFO  01:03:56 Content root path: C:\Project\AuditManagementSystem\AuditChecklistModule
INFO  01:03:56 Content root path: C:\Project\AuditManagementSystem\AuditChecklistModule
INFO  01:21:43 AuditChecklistController Http GET request calledAuditChecklistController
INFO  01:21:43  Http GET request calledChecklistProvider
INFO  01:21:43 Log from ChecklistRepo
INFO  01:36:14 AuditChecklistController Http GET request calledAuditChecklistController
INFO  01:36:14  Http GET request calledChecklistProvider
INFO  01:36:14 Log from ChecklistRepo
INFO  01:39:07 AuditChecklistController Http GET request calledAuditChecklistController
INFO  01:39:07  Http GET request calledChecklistProvider
INFO  01:39:07 Log from ChecklistRepo
INFO  01:41:49 AuditChecklistController Http GET request calledAuditChecklistController
INFO  01:41:49  Http GET request calledChecklistProvider
INFO  01:41:49 Log from ChecklistRepo
INFO  01:42:12 AuditChecklistController Http GET request calledAuditChecklistController
INFO  01:42:12  Http GET request calledChecklistProvider
INFO  01:42:12 Log from ChecklistRepo
INFO  01:42:49 AuditChecklistController Http GET request calledAuditChecklistController
INFO  01:42:49  Http GET request calledChecklistProvider
INFO  01:42:49 Log from ChecklistRepo
INFO  01:05:53 AuditChecklistController Http GET request calledAuditChecklistController
INFO  01:05:53  Http GET request calledChecklistProvider
INFO  01:05:53 Log from ChecklistRepo
INFO  01:20:41 AuditChecklistController Http GET request calledAuditChecklistController
INFO  01:20:41  Http GET request calledChecklistProvider
INFO  01:20:41 Log from ChecklistRepo
INFO  01:30:11 AuditChecklistController Http GET request calledAuditChecklistController
INFO  01:30:11  Http GET request calledChecklistProvider
INFO  01:30:11 Log from ChecklistRepo
INFO  01:34:37 AuditChecklistController Http GET request calledAuditChecklistController
INFO  01:34:37  Http GET request calledChecklistProvider
INFO  01:34:37 Log from ChecklistRepo
INFO  08:13:18 AuditChecklistController Http GET request calledAuditChecklistController
INFO  08:13:18  Http GET request calledChecklistProvider
INFO  08:13:18 Log from ChecklistRepo
INFO  08:13:47 AuditChecklistController Http GET request calledAuditChecklistController
INFO  08:13:47  Http GET request calledChecklistProvider
INFO  08:13:47 Log from ChecklistRepo
INFO  10:02:23 AuditChecklistController Http GET request calledAuditChecklistController
INFO  10:02:23  Http GET request calledChecklistProvider
INFO  10:02:23 Log from ChecklistRepo
INFO  10:02:51 AuditChecklistController Http GET request calledAuditChecklistController
INFO  10:02:51  Http GET request calledChecklistProvider
INFO  10:02:51 Log from ChecklistRepo
INFO  10:05:07 AuditChecklistController Http GET request calledAuditChecklistController
INFO  10:05:07  Http GET request calledChecklistProvider
INFO  10:05:07 Log from ChecklistRepo
INFO  11:09:20 AuditChecklistController Http GET request calledAuditChecklistController
INFO  11:09:20  Http GET request calledChecklistProvider
INFO  11:09:20 Log from ChecklistRepo
INFO  11:14:49 AuditChecklistController Http GET request calledAuditChecklistController
INFO  11:14:49  Http GET request calledChecklistProvider
INFO  11:14:49 Log from ChecklistRepo
INFO  11:18:26 AuditChecklistController Http GET request calledAuditChecklistController
INFO  11:18:26  Http GET request calledChecklistProvider
INFO  11:18:26 Log from ChecklistRepo
INFO  11:25:40 AuditChecklistController Http GET request calledAuditChecklistController
INFO  11:25:40  Http GET request calledChecklistProvider
INFO  11:25:40 Log from ChecklistRepo
INFO  11:27:37 AuditChecklistController Http GET request calledAuditChecklistController
INFO  11:27:37  Http GET request calledChecklistProvider
INFO  11:27:37 Log from ChecklistRepo
INFO  11:33:07 AuditChecklistController Http GET request calledAuditChecklistController
INFO  11:33:07  Http GET request calledChecklistProvider
INFO  11:33:07 Log from ChecklistRepo
INFO  11:34:19 AuditChecklistController Http GET request calledAuditChecklistController
INFO  11:34:19  Http GET request calledChecklistProvider
INFO  11:34:19 Log from ChecklistRepo
INFO  11:35:13 AuditChecklistController Http GET request calledAuditChecklistController
INFO  11:35:13  Http GET request calledChecklistProvider
INFO  11:35:13 Log from ChecklistRepo
INFO  11:36:19 AuditChecklistController Http GET request calledAuditChecklistController
INFO  11:36:19  Http GET request calledChecklistProvider
INFO  11:36:19 Log from ChecklistRepo
INFO  11:39:57 AuditChecklistController Http GET request calledAuditChecklistController
INFO  11:39:57  Http GET request calledChecklistProvider
INFO  11:39:57 Log from ChecklistRepo
INFO  11:42:25 AuditChecklistController Http GET request calledAuditChecklistController
INFO  11:42:25  Http GET request calledChecklistProvider
INFO  11:42:25 Log from ChecklistRepo
INFO  11:44:05 AuditChecklistController Http GET request calledAuditChecklistController
INFO  11:44:05  Http GET request calledChecklistProvider
INFO  11:44:05 Log from ChecklistRepo
INFO  11:44:55 AuditChecklistController Http GET request calledAuditChecklistController
INFO  11:44:55  Http GET request calledChecklistProvider
INFO  11:44:55 Log from ChecklistRepo
INFO  11:45:45 AuditChecklistController Http GET request calledAuditChecklistController
INFO  11:45:45  Http GET request calledChecklistProvider
INFO  11:45:45 Log from ChecklistRepo
INFO  11:46:27 AuditChecklistController Http GET request calledAuditChecklistController
INFO  11:46:27  Http GET request calledChecklistProvider
INFO  11:46:27 Log from ChecklistRepo
INFO  11:48:07 AuditChecklistController Http GET request calledAuditChecklistController
INFO  11:48:07  Http GET request calledChecklistProvider
INFO  11:48:07 Log from ChecklistRepo
INFO  04:24:53 AuditChecklistController Http GET request calledAuditChecklistController
INFO  04:24:53  Http GET request calledChecklistProvider
INFO  04:24:53 Log from ChecklistRepo
INFO  04:28:41 AuditChecklistController Http GET request calledAuditChecklistController
INFO  04:28:41  Http GET request calledChecklistProvider
INFO  04:28:41 Log from ChecklistRepo
INFO  04:30:12 AuditChecklistController Http GET request calledAuditChecklistController
INFO  04:30:12  Http GET request calledChecklistProvider
INFO  04:30:12 Log from ChecklistRepo
INFO  04:31:20 AuditChecklistController Http GET request calledAuditChecklistController
INFO  04:31:20  Http GET request calledChecklistProvider
INFO  04:31:20 Log from ChecklistRepo
INFO  06:01:17 AuditChecklistController Http GET request calledAuditChecklistController
INFO  06:01:17  Http GET request calledChecklistProvider
INFO  06:01:17 Log from ChecklistRepo
INFO  06:37:48 AuditChecklistController Http GET request calledAuditChecklistController
INFO  06:37:48  Http GET request calledChecklistProvider
INFO  06:37:48 Log from ChecklistRepo
INFO  08:20:55 AuditChecklistController Http GET request calledAuditChecklistController
INFO  08:20:55  Http GET request calledChecklistProvider
INFO  08:20:55 Log from ChecklistRepo
INFO  08:30:15 AuditChecklistController Http GET request calledAuditChecklistController
INFO  08:30:15  Http GET request calledChecklistProvider
INFO  08:30:15 Log from ChecklistRepo
INFO  08:31:35 AuditChecklistController Http GET request calledAuditChecklistController
INFO  08:31:35  Http GET request calledChecklistProvider
INFO  08:31:35 Log from ChecklistRepo
INFO  09:02:22 AuditChecklistController Http GET request calledAuditChecklistController
INFO  09:02:22  Http GET request calledChecklistProvider
INFO  09:02:22 Log from ChecklistRepo
INFO  09:09:40 AuditChecklistController Http GET request calledAuditChecklistController
INFO  09:09:40  Http GET request calledChecklistProvider
INFO  09:09:40 Log from ChecklistRepo
INFO  09:10:42 AuditChecklistController Http GET request calledAuditChecklistController
INFO  09:10:42  Http GET request calledChecklistProvider
INFO  09:10:42 Log from ChecklistRepo
INFO  09:11:35 AuditChecklistController Http GET request calledAuditChecklistController
INFO  09:11:35  Http GET request calledChecklistProvider
INFO  09:11:35 Log from ChecklistRepo
INFO  09:12:48 AuditChecklistController Http GET request calledAuditChecklistController
INFO  09:12:48  Http GET request calledChecklistProvider
INFO  09:12:48 Log from ChecklistRepo
INFO  09:15:50 AuditChecklistController Http GET request calledAuditChecklistController
INFO  09:15:50  Http GET request calledChecklistProvider
INFO  09:15:50 Log from ChecklistRepo
INFO  03:42:24 Application started. Press Ctrl+C to shut down.
INFO  03:42:25 Application started. Press Ctrl+C to shut down.
INFO  03:42:25 Hosting environment: Development
INFO  03:42:25 Hosting environment: Development
INFO  03:42:25 Content root path: C:\Project\AuditManagementSystem\AuditChecklistModule
INFO  03:42:25 Content root path: C:\Project\AuditManagementSystem\AuditChecklistModule
INFO  03:47:00 AuditChecklistController Http GET request calledAuditChecklistController
INFO  03:47:00  Http GET request calledChecklistProvider
INFO  03:47:00 Log from ChecklistRepo
INFO  04:03:37 AuditChecklistController Http GET request calledAuditChecklistController
INFO  04:03:37  Http GET request calledChecklistProvider
INFO  04:03:37 Log from ChecklistRepo
INFO  04:04:12 AuditChecklistController Http GET request calledAuditChecklistController
INFO  04:04:12  Http GET request calledChecklistProvider
INFO  04:04:12 Log from ChecklistRepo
INFO  04:16:43 AuditChecklistController Http GET request calledAuditChecklistController
INFO  04:16:43  Http GET request calledChecklistProvider
INFO  04:16:43 Log from ChecklistRepo
INFO  04:31:59 AuditChecklistController Http GET request calledAuditChecklistController
INFO  04:31:59  Http GET request calledChecklistProvider
INFO  04:31:59 Log from ChecklistRepo
INFO  04:39:05 AuditChecklistController Http GET request calledAuditChecklistController
INFO  04:39:05  Http GET request calledChecklistProvider
INFO  04:39:05 Log from ChecklistRepo
INFO  05:34:05 AuditChecklistController Http GET request calledAuditChecklistController
INFO  05:34:05  Http GET request calledChecklistProvider
INFO  05:34:05 Log from ChecklistRepo
INFO  04:08:50 AuditChecklistController Http GET request calledAuditChecklistController
INFO  04:08:50  Http GET request calledChecklistProvider
INFO  04:08:50 Log from ChecklistRepo
INFO  06:03:47 Application started. Press Ctrl+C to shut down.
INFO  06:03:47 Application started. Press Ctrl+C to shut down.
INFO  06:03:48 Hosting environment: Development
INFO  06:03:48 Hosting environment: Development
INFO  06:03:48 Content root path: C:\Project\AuditManagementSystem\AuditChecklistModule
INFO  06:03:48 Content root path: C:\Project\AuditManagementSystem\AuditChecklistModule
INFO  06:05:41 AuditChecklistController Http GET request calledAuditChecklistController
INFO  06:05:41  Http GET request calledChecklistProvider
INFO  06:05:41 Log from ChecklistRepo
INFO  06:08:01 AuditChecklistController Http GET request calledAuditChecklistController
INFO  06:08:01  Http GET request calledChecklistProvider
INFO  06:08:01 Log from ChecklistRepo
INFO  06:09:07 AuditChecklistController Http GET request calledAuditChecklistController
INFO  06:09:07  Http GET request calledChecklistProvider
INFO  06:09:07 Log from ChecklistRepo
INFO  06:10:05 AuditChecklistController Http GET request calledAuditChecklistController
INFO  06:10:05  Http GET request calledChecklistProvider
INFO  06:10:05 Log from ChecklistRepo
INFO  06:12:14 AuditChecklistController Http GET request calledAuditChecklistController
INFO  06:12:14  Http GET request calledChecklistProvider
INFO  06:12:14 Log from ChecklistRepo
INFO  06:14:20 AuditChecklistController Http GET request calledAuditChecklistController
INFO  06:14:20  Http GET request calledChecklistProvider
INFO  06:14:20 Log from ChecklistRepo
INFO  06:18:38 AuditChecklistController Http GET request calledAuditChecklistController
INFO  06:18:38  Http GET request calledChecklistProvider
INFO  06:18:38 Log from ChecklistRepo
INFO  06:19:27 AuditChecklistController Http GET request calledAuditChecklistController
INFO  06:19:27  Http GET request calledChecklistProvider
INFO  06:19:27 Log from ChecklistRepo
